<?xml version="1.0" encoding="UTF-8"?>
<!-- Generated by org.testng.reporters.JUnitXMLReporter -->
<testsuite ignored="0" hostname="YOLO" failures="1" tests="3" name="Error Validations" time="15.7" errors="0" timestamp="2026-01-07T11:35:50 IST">
  <testcase classname="Harish.SeleniumFrameworkDesign.Tests.ErrorValidationsTest" name="loginErrorValidation" time="0.325">
    <skipped/>
  </testcase> <!-- loginErrorValidation -->
  <testcase classname="Harish.SeleniumFrameworkDesign.Tests.ErrorValidationsTest" name="loginErrorValidation" time="0.816">
    <failure type="java.lang.AssertionError" message="expected [Incorrect email or password.] but found [Incorrect email o password.]">
      <![CDATA[java.lang.AssertionError: expected [Incorrect email or password.] but found [Incorrect email o password.]
at Harish.SeleniumFrameworkDesign.Tests.ErrorValidationsTest.loginErrorValidation(ErrorValidationsTest.java:42)
at java.base/java.util.ArrayList.forEach(ArrayList.java:1596)
at java.base/java.util.concurrent.FutureTask.run(FutureTask.java:317)
at java.base/java.util.concurrent.ThreadPoolExecutor.runWorker(ThreadPoolExecutor.java:1144)
at java.base/java.util.concurrent.ThreadPoolExecutor$Worker.run(ThreadPoolExecutor.java:642)
at java.base/java.lang.Thread.run(Thread.java:1583)
... Removed 21 stack frames]]>
    </failure>
  </testcase> <!-- loginErrorValidation -->
  <testcase classname="Harish.SeleniumFrameworkDesign.Tests.ErrorValidationsTest" name="productErrorValidation" time="2.885"/>
</testsuite> <!-- Error Validations -->
