<?xml version="1.0" encoding="UTF-8"?>
<!-- Generated by org.testng.reporters.JUnitXMLReporter -->
<testsuite ignored="0" hostname="YOLO" failures="0" tests="3" name="submitOrder Test" time="19.247" errors="0" timestamp="2026-01-07T11:35:53 IST">
  <testcase classname="Harish.SeleniumFrameworkDesign.Tests.SubmitOrderTest" name="submitOrder" time="3.617"/>
  <testcase classname="Harish.SeleniumFrameworkDesign.Tests.SubmitOrderTest" name="submitOrder" time="3.615"/>
  <testcase classname="Harish.SeleniumFrameworkDesign.Tests.SubmitOrderTest" name="orderHistoryTest" time="0.7"/>
</testsuite> <!-- submitOrder Test -->
