<?xml version="1.0" encoding="UTF-8"?>
<!-- Generated by org.testng.reporters.JUnitXMLReporter -->
<testsuite ignored="0" hostname="YOLO" failures="0" tests="2" name="Error Validations" time="17.947" errors="0" timestamp="2026-01-07T16:06:55 IST">
  <testcase classname="Harish.SeleniumFrameworkDesign.Tests.ErrorValidationsTest" name="loginErrorValidation" time="0.33"/>
  <testcase classname="Harish.SeleniumFrameworkDesign.Tests.ErrorValidationsTest" name="productErrorValidation" time="5.418"/>
</testsuite> <!-- Error Validations -->
