<?xml version="1.0" encoding="UTF-8"?>
<!-- Generated by org.testng.reporters.JUnitXMLReporter -->
<testsuite ignored="0" hostname="YOLO" failures="0" tests="3" name="submitOrder Test" time="26.031" errors="0" timestamp="2026-01-07T16:07:03 IST">
  <testcase classname="Harish.SeleniumFrameworkDesign.Tests.SubmitOrderTest" name="submitOrder" time="3.881"/>
  <testcase classname="Harish.SeleniumFrameworkDesign.Tests.SubmitOrderTest" name="submitOrder" time="3.802"/>
  <testcase classname="Harish.SeleniumFrameworkDesign.Tests.SubmitOrderTest" name="orderHistoryTest" time="0.986"/>
</testsuite> <!-- submitOrder Test -->
