<?xml version="1.0" encoding="UTF-8"?>
<!-- Generated by org.testng.reporters.JUnitReportReporter -->
<testsuite hostname="YOLO" failures="0" tests="3" name="Harish.SeleniumFrameworkDesign.Tests.SubmitOrderTest" time="19.091" errors="0" timestamp="2026-01-07T11:35:53 IST" skipped="0">
  <testcase classname="Harish.SeleniumFrameworkDesign.Tests.SubmitOrderTest" name="submitOrder" time="8.314"/>
  <testcase classname="Harish.SeleniumFrameworkDesign.Tests.SubmitOrderTest" name="orderHistoryTest" time="4.110"/>
  <testcase classname="Harish.SeleniumFrameworkDesign.Tests.SubmitOrderTest" name="submitOrder" time="6.667"/>
</testsuite> <!-- Harish.SeleniumFrameworkDesign.Tests.SubmitOrderTest -->
