<?xml version="1.0" encoding="UTF-8"?>
<!-- Generated by org.testng.reporters.JUnitReportReporter -->
<testsuite hostname="YOLO" failures="0" tests="3" name="Harish.SeleniumFrameworkDesign.Tests.SubmitOrderTest" time="25.858" errors="0" timestamp="2026-01-07T16:07:03 IST" skipped="0">
  <testcase classname="Harish.SeleniumFrameworkDesign.Tests.SubmitOrderTest" name="orderHistoryTest" time="4.874"/>
  <testcase classname="Harish.SeleniumFrameworkDesign.Tests.SubmitOrderTest" name="submitOrder" time="12.783"/>
  <testcase classname="Harish.SeleniumFrameworkDesign.Tests.SubmitOrderTest" name="submitOrder" time="8.201"/>
</testsuite> <!-- Harish.SeleniumFrameworkDesign.Tests.SubmitOrderTest -->
