<?xml version="1.0" encoding="UTF-8"?>
<!-- Generated by org.testng.reporters.JUnitReportReporter -->
<testsuite hostname="YOLO" failures="0" tests="2" name="Harish.SeleniumFrameworkDesign.Tests.ErrorValidationsTest" time="17.921" errors="0" timestamp="2026-01-07T16:07:03 IST" skipped="0">
  <testcase classname="Harish.SeleniumFrameworkDesign.Tests.ErrorValidationsTest" name="loginErrorValidation" time="3.444"/>
  <testcase classname="Harish.SeleniumFrameworkDesign.Tests.ErrorValidationsTest" name="productErrorValidation" time="14.477"/>
</testsuite> <!-- Harish.SeleniumFrameworkDesign.Tests.ErrorValidationsTest -->
